<?xml version="1.0" encoding="UTF-8"?>
<!-- Generated by org.testng.reporters.JUnitXMLReporter -->
<testsuite ignored="5" hostname="LAPTOP-B1NEIEIF" failures="0" tests="0" time="0.028" errors="0" timestamp="2023-07-01T23:22:38 IST">
  <testcase classname="Test.OrangeHRM" name="@BeforeTest InitialiseBrowser" time="0.02">
    <failure type="java.lang.NoClassDefFoundError" message="Could not initialize class org.openqa.selenium.chrome.ChromeDriverCommandExecutor">
      <![CDATA[java.lang.NoClassDefFoundError: Could not initialize class org.openqa.selenium.chrome.ChromeDriverCommandExecutor
at org.openqa.selenium.chrome.ChromeDriver.<init>(ChromeDriver.java:181)
at org.openqa.selenium.chrome.ChromeDriver.<init>(ChromeDriver.java:168)
at org.openqa.selenium.chrome.ChromeDriver.<init>(ChromeDriver.java:123)
at Test.OrangeHRM.InitialiseBrowser(OrangeHRM.java:20)
... Removed 24 stack frames]]>
    </failure>
  </testcase> <!-- @BeforeTest InitialiseBrowser -->
  <testcase classname="Test.OrangeHRM" name="@AfterTest Teardown" time="-1.688233958222E9">
    <skipped/>
  </testcase> <!-- @AfterTest Teardown -->
  <testcase classname="Test.OrangeHRM" name="verifyLogin" time="0.0">
    <ignored/>
  </testcase> <!-- verifyLogin -->
  <testcase classname="Test.OrangeHRM" name="LaunchApp" time="0.0">
    <ignored/>
  </testcase> <!-- LaunchApp -->
  <testcase classname="Test.OrangeHRM" name="NavigateToMyInfo" time="0.0">
    <ignored/>
  </testcase> <!-- NavigateToMyInfo -->
  <testcase classname="Test.OrangeHRM" name="EnterLoginDetails" time="0.0">
    <ignored/>
  </testcase> <!-- EnterLoginDetails -->
  <testcase classname="Test.OrangeHRM" name="verifyMyInfo" time="0.0">
    <ignored/>
  </testcase> <!-- verifyMyInfo -->
</testsuite>
