<?xml version="1.0" encoding="UTF-8"?>
<!-- Generated by org.testng.reporters.JUnitXMLReporter -->
<testsuite ignored="2" hostname="LAPTOP-B1NEIEIF" failures="0" tests="3" name="ParameterAnnotaion" time="0.037" errors="0" timestamp="2021-12-14T00:33:56 IST">
  <testcase classname="Test.ParameterAnnotaion" name="@BeforeTest InitialiseBrowser" time="0.006">
    <failure type="java.lang.NullPointerException" message="Cannot invoke &amp;quot;org.openqa.selenium.WebDriver.manage()&amp;quot; because &amp;quot;this.driver&amp;quot; is null">
      <![CDATA[java.lang.NullPointerException: Cannot invoke "org.openqa.selenium.WebDriver.manage()" because "this.driver" is null
at Test.ParameterAnnotaion.InitialiseBrowser(ParameterAnnotaion.java:45)
... Removed 24 stack frames]]>
    </failure>
  </testcase> <!-- @BeforeTest InitialiseBrowser -->
  <testcase classname="Test.ParameterAnnotaion" name="@AfterTest Teardown" time="-1.639422236017E9">
    <skipped/>
  </testcase> <!-- @AfterTest Teardown -->
  <testcase classname="Test.ParameterAnnotaion" name="LaunchApp" time="0.0">
    <skipped/>
  </testcase> <!-- LaunchApp -->
  <testcase classname="Test.ParameterAnnotaion" name="EnterLoginDetails" time="0.0">
    <skipped/>
  </testcase> <!-- EnterLoginDetails -->
  <testcase classname="Test.ParameterAnnotaion" name="verifyMyInfo" time="0.0">
    <skipped/>
  </testcase> <!-- verifyMyInfo -->
  <testcase classname="Test.ParameterAnnotaion" name="verifyLogin" time="0.0">
    <ignored/>
  </testcase> <!-- verifyLogin -->
  <testcase classname="Test.ParameterAnnotaion" name="NavigateToMyInfo" time="0.0">
    <ignored/>
  </testcase> <!-- NavigateToMyInfo -->
</testsuite> <!-- ParameterAnnotaion -->
