<?xml version="1.0" encoding="UTF-8"?>
<!-- Generated by org.testng.reporters.JUnitXMLReporter -->
<testsuite ignored="4" hostname="LAPTOP-B1NEIEIF" failures="0" tests="3" name="test1" time="0.033" errors="0" timestamp="2021-12-15T01:07:07 IST">
  <testcase classname="GroupTests.NewTest" name="test1" time="0.005"/>
  <testcase classname="GroupTests.NewTest" name="test2" time="0.001"/>
  <testcase classname="GroupTests.NewTest" name="test3" time="0.0"/>
  <testcase classname="GroupTests.NewTest2" name="test7" time="0.0">
    <ignored/>
  </testcase> <!-- test7 -->
  <testcase classname="GroupTests.NewTest2" name="test5" time="0.0">
    <ignored/>
  </testcase> <!-- test5 -->
  <testcase classname="GroupTests.NewTest2" name="test4" time="0.0">
    <ignored/>
  </testcase> <!-- test4 -->
  <testcase classname="GroupTests.NewTest2" name="test6" time="0.0">
    <ignored/>
  </testcase> <!-- test6 -->
</testsuite> <!-- test1 -->
